=== Starting Quiz Generation ===
Response: [
    {
        "question_type": "mc",
        "question": "What did the woman point out to her husband as she was holding their child?",
        "choices": ["a bird", "a dead rat", "a snake", "a bug"],
        "answer": "a dead rat",
        "explanation": "The text states that the woman called out 'That's a dead rat' to her husband."
    },
    {
        "question_type": "truefalse",
        "question": "The child in the story is being cared for by their father.",
        "choices": ["True", "False"],
        "answer": "False",
        "explanation": "Although the text does not explicitly state who is caring for the child, it can be inferred that the woman (the mother) is holding and taking care of the child."
    },
    {
        "question_type": "mc",
        "question": "How did the husband respond to his wife's question about why children are cruel?",
        "choices": ["He explained that children are innocent.", "He said no and shook his head.", "He became angry.", "He started crying."],
        "answer": "He said no and shook his head.",
        "explanation": "The text states that the husband replied 'No' and shook his head in response to his wife's question."
    },
    {
        "question_type": "mc",
        "question": "Why did the woman ask her husband if Poppy would be like that?",
        "choices": ["Because she wanted him to check for a snake.", "Because she was worried about the child's safety.", "Because she thought it was funny.", "Because she was concerned about the future of children."],
        "answer": "Because she was concerned about the future of children.",
        "explanation": "The text implies that the woman is skeptical about the innocence of children, as evidenced by her reaction to seeing a dead rat. Her question suggests that she is wondering if this behavior will continue into adulthood."
    }
]
Entry: {"question_type": "mc", "question": "What did the woman point out to her husband as she was holding their child?", "choices": ["a bird", "a dead rat", "a snake", "a bug"], "answer": "a dead rat", "explanation": "The text states that the woman called out 'That's a dead rat' to her husband."}
Entry: {"question_type": "truefalse", "question": "The child in the story is being cared for by their father.", "choices": ["True", "False"], "answer": "False", "explanation": "Although the text does not explicitly state who is caring for the child, it can be inferred that the woman (the mother) is holding and taking care of the child."}
Entry: {"question_type": "mc", "question": "How did the husband respond to his wife's question about why children are cruel?", "choices": ["He explained that children are innocent.", "He said no and shook his head.", "He became angry.", "He started crying."], "answer": "He said no and shook his head.", "explanation": "The text states that the husband replied 'No' and shook his head in response to his wife's question."}
Entry: {"question_type": "mc", "question": "Why did the woman ask her husband if Poppy would be like that?", "choices": ["Because she wanted him to check for a snake.", "Because she was worried about the child's safety.", "Because she thought it was funny.", "Because she was concerned about the future of children."], "answer": "Because she was concerned about the future of children.", "explanation": "The text implies that the woman is skeptical about the innocence of children, as evidenced by her reaction to seeing a dead rat. Her question suggests that she is wondering if this behavior will continue into adulthood."}
Returning quiz questions: [{"status": "success", "question_type": "mc", "question": "How does the mother react when she sees the rat on the grass?", "choices": ["She tries to pick it up", "She calls out to her husband for help", "She screams and runs away", "She looks out at the grass"], "answer": "She calls out to her husband for help", "explanation": "The mother's reaction shows her concern for her child's safety, as evident from her action of calling out to her husband for assistance."}, {"status": "success", "question_type": "mc", "question": "What does the father imply about children being cruel when asked by his wife?", "choices": ["That they are always nice", "That they can be kind and gentle", "That some children may behave cruelly", "That rats are a sign of bad luck"], "answer": "That some children may behave cruelly", "explanation": "The father's response implies that not all children behave in a nice manner, which is supported by the mother's concern about the rat on the grass."}, {"status": "success", "question_type": "truefalse", "question": "The mother believes that Poppy will behave like the rat.", "choices": ["True", "False"], "answer": "False", "explanation": "There is no indication in the passage that the mother believes Poppy will behave like the rat. The father's comment suggests that not all children may behave cruelly, but it does not imply a specific behavior for Poppy."}, {"status": "success", "question_type": "mc", "question": "What tone does the conversation between the mother and father convey?", "choices": ["Concerned and loving", "Anxious and frustrated", "Calm and dismissive", "Sarcastic and teasing"], "answer": "Concerned and loving", "explanation": "The conversation conveys a sense of concern for the child's well-being, as evident from the mother's reaction to seeing the rat on the grass and her subsequent question about why children might be cruel."}, {"status": "success", "question_type": "mc", "question": "What can be inferred about the father's relationship with his wife?", "choices": ["They are very close", "They are not very affectionate", "They have a loving but argumentative relationship", "It is unclear from the passage"], "answer": "They have a loving but argumentative relationship", "explanation": "The conversation between the mother and father suggests that they have a loving relationship, as evident from their concern for their child's well-being. However, it also implies that they may disagree or have different opinions on certain topics."}]
Returning quiz questions: [{"status": "success", "question_type": "mc", "question": "How does the mother feel about the dead rat?", "choices": ["The mother is relieved", "That's a cruel thing to do", "The mother is worried", "She doesn't care"], "answer": "That's a cruel thing to do", "explanation": "This question requires inferences based on the context. The mother calls out the rat, which indicates that she finds it dead and possibly disturbing or unpleasant. Her tone implies that she might find the behavior of children (in this case, not noticing or caring about the rat) cruel."}, {"status": "success", "question_type": "mc", "question": "Why does the father shake his head?", "choices": ["He's annoyed", "He's tired", "He doesn't like children", "He thinks the child will be like Poppy"], "answer": "He doesn't like children", "explanation": "This question requires analysis of the context to understand the relationship between the father and the mother. The father shakes his head in response to the mother's observation about children being cruel, suggesting that he shares her sentiment or perhaps has a similar frustration with their behavior."}, {"status": "success", "question_type": "truefalse", "question": "The child does not seem affected by the presence of the dead rat.", "choices": ["True", "False"], "answer": "True", "explanation": "This question requires evidence-based conclusion. The text doesn't explicitly state that the child is affected, but its absence in the narrative suggests that the child might not have noticed or cared about the rat."}, {"status": "success", "question_type": "mc", "question": "What tone does the father convey when he responds to the mother?", "choices": ["Sarcastic", "Playful", "Concerned", "Defensive"], "answer": "Defensive", "explanation": "This question requires analysis of tone and language. The father's response, 'No,' with a shaking of his head implies defensiveness or possibly annoyance, as he seems to be protecting the child from judgment."}, {"status": "success", "question_type": "mc", "question": "What does the mother ask her husband?", "choices": ["Why are you always so late?", "Can I have some coffee?", "Why are children cruel?", "Do you want popcorn?"], "answer": "Why are children cruel?", "explanation": "This question requires main idea and purpose. The mother asks her husband why she observes that children are being cruel, indicating a concern or frustration with their behavior."}]
